<?xml version="1.0" encoding="UTF-8"?>
<!-- Generated by org.testng.reporters.JUnitXMLReporter -->
<testsuite ignored="0" hostname="DESKTOP-4CMAMAA" failures="0" tests="4" name="Test" time="0.143" errors="0" timestamp="2024-09-13T17:39:31 IST">
  <testcase classname="sampleone.Appium" name="appium" time="0.014"/>
  <testcase classname="sampleone.Appium" name="mtest" time="0.009"/>
  <testcase classname="sampleone.selenium" name="cucumber" time="0.007"/>
  <testcase classname="sampleone.selenium" name="testng" time="0.005"/>
</testsuite> <!-- Test -->
