<?xml version="1.0" encoding="UTF-8"?>
<!-- Generated by org.testng.reporters.JUnitXMLReporter -->
<testsuite ignored="0" hostname="DESKTOP-4CMAMAA" failures="0" tests="4" name="Test" time="0.28" errors="0" timestamp="2024-09-13T18:02:23 IST">
  <testcase classname="sampleone.Appium" name="appium" time="0.021"/>
  <testcase classname="sampleone.Appium" name="mtest" time="0.016"/>
  <testcase classname="sampleone.selenium" name="cucumber" time="0.004"/>
  <testcase classname="sampleone.selenium" name="testng" time="0.013"/>
</testsuite> <!-- Test -->
